[0.000000] (-) TimerEvent: {}
[0.002319] (cs1651_drone) JobQueued: {'identifier': 'cs1651_drone', 'dependencies': OrderedDict()}
[0.002648] (my_package) JobQueued: {'identifier': 'my_package', 'dependencies': OrderedDict()}
[0.002769] (cs1651_drone) JobStarted: {'identifier': 'cs1651_drone'}
[0.076555] (my_package) JobStarted: {'identifier': 'my_package'}
[0.100339] (-) TimerEvent: {}
[0.202083] (-) TimerEvent: {}
[0.302901] (-) TimerEvent: {}
[0.403688] (-) TimerEvent: {}
[0.504953] (-) TimerEvent: {}
[0.605902] (-) TimerEvent: {}
[0.706929] (-) TimerEvent: {}
[0.807693] (-) TimerEvent: {}
[0.908512] (-) TimerEvent: {}
[1.009254] (-) TimerEvent: {}
[1.109919] (-) TimerEvent: {}
[1.210659] (-) TimerEvent: {}
[1.311405] (-) TimerEvent: {}
[1.415414] (-) TimerEvent: {}
[1.516152] (-) TimerEvent: {}
[1.617185] (-) TimerEvent: {}
[1.718234] (-) TimerEvent: {}
[1.818891] (-) TimerEvent: {}
[1.919632] (-) TimerEvent: {}
[2.023323] (-) TimerEvent: {}
[2.124215] (-) TimerEvent: {}
[2.224961] (-) TimerEvent: {}
[2.325761] (-) TimerEvent: {}
[2.426499] (-) TimerEvent: {}
[2.527297] (-) TimerEvent: {}
[2.628049] (-) TimerEvent: {}
[2.728820] (-) TimerEvent: {}
[2.829872] (-) TimerEvent: {}
[2.930939] (-) TimerEvent: {}
[3.031713] (-) TimerEvent: {}
[3.132392] (-) TimerEvent: {}
[3.233009] (-) TimerEvent: {}
[3.333784] (-) TimerEvent: {}
[3.434462] (-) TimerEvent: {}
[3.535080] (-) TimerEvent: {}
[3.635870] (-) TimerEvent: {}
[3.736664] (-) TimerEvent: {}
[3.837494] (-) TimerEvent: {}
[3.939063] (-) TimerEvent: {}
[4.042257] (-) TimerEvent: {}
[4.142975] (-) TimerEvent: {}
[4.246580] (-) TimerEvent: {}
[4.347443] (-) TimerEvent: {}
[4.448442] (-) TimerEvent: {}
[4.549406] (-) TimerEvent: {}
[4.650232] (-) TimerEvent: {}
[4.750932] (-) TimerEvent: {}
[4.851998] (-) TimerEvent: {}
[4.955469] (-) TimerEvent: {}
[5.056706] (-) TimerEvent: {}
[5.157549] (-) TimerEvent: {}
[5.258274] (-) TimerEvent: {}
[5.362603] (-) TimerEvent: {}
[5.464295] (-) TimerEvent: {}
[5.565209] (-) TimerEvent: {}
[5.667890] (-) TimerEvent: {}
[5.772949] (-) TimerEvent: {}
[5.854293] (cs1651_drone) StderrLine: {'line': b'Traceback (most recent call last):\n  File "/usr/lib/python3/dist-packages/colcon_parallel_executor/executor/parallel.py", line 75, in execute\n    loop.run_until_complete(future)\n  File "/usr/lib/python3.12/asyncio/base_events.py", line 674, in run_until_complete\n    self.run_forever()\n  File "/usr/lib/python3.12/asyncio/base_events.py", line 641, in run_forever\n    self._run_once()\n  File "/usr/lib/python3.12/asyncio/base_events.py", line 1949, in _run_once\n    event_list = self._selector.select(timeout)\n                 ^^^^^^^^^^^^^^^^^^^^^^^^^^^^^^\n  File "/usr/lib/python3.12/selectors.py", line 468, in select\n    fd_event_list = self._selector.poll(timeout, max_ev)\n                    ^^^^^^^^^^^^^^^^^^^^^^^^^^^^^^^^^^^^\nKeyboardInterrupt\n\nDuring handling of the above exception, another exception occurred:\n\nTraceback (most recent call last):\n  File "/usr/lib/python3/dist-packages/colcon_core/executor/__init__.py", line 91, in __call__\n    rc = await self.task(*args, **kwargs)\n         ^^^^^^^^^^^^^^^^^^^^^^^^^^^^^^^^\n  File "/usr/lib/python3/dist-packages/colcon_core/task/__init__.py", line 93, in __call__\n    return await task_method(*args, **kwargs)\n           ^^^^^^^^^^^^^^^^^^^^^^^^^^^^^^^^^^\n  File "/usr/lib/python3/dist-packages/colcon_ros/task/ament_python/build.py", line 102, in build\n    return await extension.build(additional_hooks=additional_hooks)\n           ^^^^^^^^^^^^^^^^^^^^^^^^^^^^^^^^^^^^^^^^^^^^^^^^^^^^^^^^\n  File "/usr/lib/python3/dist-packages/colcon_core/task/python/build.py", line 94, in build\n    available_commands = await self._get_available_commands(\n                         ^^^^^^^^^^^^^^^^^^^^^^^^^^^^^^^^^^^\n  File "/usr/lib/python3/dist-packages/colcon_core/task/python/build.py", line 192, in _get_available_commands\n    output = await check_output(\n             ^^^^^^^^^^^^^^^^^^^\n  File "/usr/lib/python3/dist-packages/colcon_core/subprocess.py", line 129, in check_output\n    assert not rc, f\'Expected {args} to pass: {stderr_data}\'\n           ^^^^^^\nAssertionError: Expected [\'/usr/bin/python3\', \'-W\', \'ignore:setup.py install is deprecated\', \'setup.py\', \'--help-commands\'] to pass: Traceback (most recent call last):\n  File "/usr/lib/python3.12/pathlib.py", line 441, in __str__\n    return self._str\n           ^^^^^^^^^\nAttributeError: \'PosixPath\' object has no attribute \'_str\'\n\nDuring handling of the above exception, another exception occurred:\n\nTraceback (most recent call last):\n  File "/usr/lib/python3.12/pathlib.py", line 555, in drive\n    return self._drv\n           ^^^^^^^^^\nAttributeError: \'PosixPath\' object has no attribute \'_drv\'\n\nDuring handling of the above exception, another exception occurred:\n\nTraceback (most recent call last):\n  File "/home/chondosha/ros2_ws/src/cs1651_drone/setup.py", line 5, in <module>\n    setup(\n  File "/usr/lib/python3/dist-packages/setuptools/__init__.py", line 107, in setup\n    return distutils.core.setup(**attrs)\n           ^^^^^^^^^^^^^^^^^^^^^^^^^^^^^\n  File "/usr/lib/python3/dist-packages/setuptools/_distutils/core.py", line 147, in setup\n    _setup_distribution = dist = klass(attrs)\n                                 ^^^^^^^^^^^^\n  File "/usr/lib/python3/dist-packages/setuptools/dist.py", line 485, in __init__\n    _Distribution.__init__(\n  File "/usr/lib/python3/dist-packages/setuptools/_distutils/dist.py", line 283, in __init__\n    self.finalize_options()\n  File "/usr/lib/python3/dist-packages/setuptools/dist.py", line 922, in finalize_options\n    defined = metadata.entry_points(group=group)\n              ^^^^^^^^^^^^^^^^^^^^^^^^^^^^^^^^^^\n  File "/usr/lib/python3.12/importlib/metadata/__init__.py", line 913, in entry_points\n    return EntryPoints(eps).select(**params)\n           ^^^^^^^^^^^^^^^^\n  File "/usr/lib/python3.12/importlib/metadata/__init__.py", line 911, in <genexpr>\n    dist.entry_points for dist in _unique(distributions())\n    ^^^^^^^^^^^^^^^^^\n  File "/usr/lib/python3.12/importlib/metadata/__init__.py", line 471, in entry_points\n    return EntryPoints._from_text_for(self.read_text(\'entry_points.txt\'), self)\n                                      ^^^^^^^^^^^^^^^^^^^^^^^^^^^^^^^^^^\n  File "/usr/lib/python3.12/importlib/metadata/__init__.py", line 819, in read_text\n    return self._path.joinpath(filename).read_text(encoding=\'utf-8\')\n           ^^^^^^^^^^^^^^^^^^^^^^^^^^^^^^^^^^^^^^^^^^^^^^^^^^^^^^^^^\n  File "/usr/lib/python3.12/pathlib.py", line 1029, in read_text\n    with self.open(mode=\'r\', encoding=encoding, errors=errors) as f:\n         ^^^^^^^^^^^^^^^^^^^^^^^^^^^^^^^^^^^^^^^^^^^^^^^^^^^^^\n  File "/usr/lib/python3.12/pathlib.py", line 1015, in open\n    return io.open(self, mode, buffering, encoding, errors, newline)\n           ^^^^^^^^^^^^^^^^^^^^^^^^^^^^^^^^^^^^^^^^^^^^^^^^^^^^^^^^^\n  File "/usr/lib/python3.12/pathlib.py", line 448, in __fspath__\n    return str(self)\n           ^^^^^^^^^\n  File "/usr/lib/python3.12/pathlib.py", line 443, in __str__\n    self._str = self._format_parsed_parts(self.drive, self.root,\n                                          ^^^^^^^^^^\n  File "/usr/lib/python3.12/pathlib.py", line 557, in drive\n    self._load_parts()\n  File "/usr/lib/python3.12/pathlib.py", line 415, in _load_parts\n    drv, root, tail = self._parse_path(path)\n                      ^^^^^^^^^^^^^^^^^^^^^^\n  File "/usr/lib/python3.12/pathlib.py", line 404, in _parse_path\n    parsed = [sys.intern(str(x)) for x in rel.split(sep) if x and x != \'.\']\n              ^^^^^^^^^^^^^^^^^^\nKeyboardInterrupt\n\n'}
[5.868803] (cs1651_drone) JobEnded: {'identifier': 'cs1651_drone', 'rc': 'SIGINT'}
[5.882719] (-) TimerEvent: {}
[5.884632] (my_package) JobEnded: {'identifier': 'my_package', 'rc': 'SIGINT'}
[5.894145] (-) EventReactorShutdown: {}
